<?xml version="1.0" encoding="UTF-8" ?>
<testsuite failures="0" time="0.028" errors="0" skipped="0" tests="8" name="org.ib.commons.crypto.SymmetricUtilsTest">
  <properties>
    <property name="java.runtime.name" value="Java(TM) SE Runtime Environment"/>
    <property name="sun.boot.library.path" value="C:\Program Files (x86)\Java\jdk1.6.0_33\jre\bin"/>
    <property name="java.vm.version" value="20.8-b03"/>
    <property name="java.vm.vendor" value="Sun Microsystems Inc."/>
    <property name="java.vendor.url" value="http://java.sun.com/"/>
    <property name="path.separator" value=";"/>
    <property name="guice.disable.misplaced.annotation.check" value="true"/>
    <property name="java.vm.name" value="Java HotSpot(TM) Client VM"/>
    <property name="file.encoding.pkg" value="sun.io"/>
    <property name="idea.launcher.port" value="7544"/>
    <property name="user.country" value="HU"/>
    <property name="sun.java.launcher" value="SUN_STANDARD"/>
    <property name="sun.os.patch.level" value="Service Pack 1"/>
    <property name="java.vm.specification.name" value="Java Virtual Machine Specification"/>
    <property name="user.dir" value="C:\Projects\Experiments\github\commons-parent\commons"/>
    <property name="java.runtime.version" value="1.6.0_33-b03"/>
    <property name="java.awt.graphicsenv" value="sun.awt.Win32GraphicsEnvironment"/>
    <property name="java.endorsed.dirs" value="C:\Program Files (x86)\Java\jdk1.6.0_33\jre\lib\endorsed"/>
    <property name="os.arch" value="x86"/>
    <property name="java.io.tmpdir" value="C:\Users\IBRENC~1\AppData\Local\Temp\"/>
    <property name="line.separator" value="
"/>
    <property name="java.vm.specification.vendor" value="Sun Microsystems Inc."/>
    <property name="user.variant" value=""/>
    <property name="os.name" value="Windows 7"/>
    <property name="classworlds.conf" value="C:\utils\apache-maven-3.0.4\bin\m2.conf"/>
    <property name="sun.jnu.encoding" value="Cp1250"/>
    <property name="java.library.path" value="C:\Program Files (x86)\Java\jdk1.6.0_33\bin;C:\Windows\Sun\Java\bin;C:\Windows\system32;C:\Windows;C:\Program Files (x86)\JetBrains\IntelliJ IDEA 11.0.2\bin\..\.\bin;C:\Windows\system32;C:\Windows;C:\Windows\System32\Wbem;C:\Windows\System32\WindowsPowerShell\v1.0\;C:\Program Files\Intel\WiFi\bin\;C:\Program Files\Common Files\Intel\WirelessCommon\;C:\Program Files\TortoiseSVN\bin;C:\SMWPLUS_1.7.0_b125\php;C:\SMWPLUS_1.7.0_b125\mysql\bin;C:\utils\apache-maven-3.0.4\bin\;C:\utils\mysql-5.5.25-winx64\bin\;C:\Program Files (x86)\Java\jdk1.6.0_33\bin;C:\utils\apache-cxf-2.6.1\bin;c:\program files (x86)\jetbrains\intellij idea 11.0.2\jre\jre\bin;."/>
    <property name="java.specification.name" value="Java Platform API Specification"/>
    <property name="java.class.version" value="50.0"/>
    <property name="sun.management.compiler" value="HotSpot Client Compiler"/>
    <property name="os.version" value="6.1"/>
    <property name="user.home" value="C:\Users\ibrencsics"/>
    <property name="user.timezone" value="Europe/Prague"/>
    <property name="java.awt.printerjob" value="sun.awt.windows.WPrinterJob"/>
    <property name="java.specification.version" value="1.6"/>
    <property name="file.encoding" value="UTF-8"/>
    <property name="idea.launcher.bin.path" value="C:\Program Files (x86)\JetBrains\IntelliJ IDEA 11.0.2\bin"/>
    <property name="user.name" value="ibrencsics"/>
    <property name="java.class.path" value="C:\utils\apache-maven-3.0.4\boot\plexus-classworlds-2.4.jar;C:\Program Files (x86)\JetBrains\IntelliJ IDEA 11.0.2\lib\idea_rt.jar"/>
    <property name="java.vm.specification.version" value="1.0"/>
    <property name="sun.arch.data.model" value="32"/>
    <property name="java.home" value="C:\Program Files (x86)\Java\jdk1.6.0_33\jre"/>
    <property name="sun.java.command" value="com.intellij.rt.execution.application.AppMain org.codehaus.classworlds.Launcher --no-plugin-registry --fail-fast --no-plugin-updates --strict-checksums --update-snapshots -f C:\Projects\Experiments\github\commons-parent\commons\pom.xml install"/>
    <property name="java.specification.vendor" value="Sun Microsystems Inc."/>
    <property name="user.language" value="hu"/>
    <property name="awt.toolkit" value="sun.awt.windows.WToolkit"/>
    <property name="java.vm.info" value="mixed mode, sharing"/>
    <property name="java.version" value="1.6.0_33"/>
    <property name="java.ext.dirs" value="C:\Program Files (x86)\Java\jdk1.6.0_33\jre\lib\ext;C:\Windows\Sun\Java\lib\ext"/>
    <property name="sun.boot.class.path" value="C:\Program Files (x86)\Java\jdk1.6.0_33\jre\lib\resources.jar;C:\Program Files (x86)\Java\jdk1.6.0_33\jre\lib\rt.jar;C:\Program Files (x86)\Java\jdk1.6.0_33\jre\lib\sunrsasign.jar;C:\Program Files (x86)\Java\jdk1.6.0_33\jre\lib\jsse.jar;C:\Program Files (x86)\Java\jdk1.6.0_33\jre\lib\jce.jar;C:\Program Files (x86)\Java\jdk1.6.0_33\jre\lib\charsets.jar;C:\Program Files (x86)\Java\jdk1.6.0_33\jre\lib\modules\jdk.boot.jar;C:\Program Files (x86)\Java\jdk1.6.0_33\jre\classes"/>
    <property name="java.vendor" value="Sun Microsystems Inc."/>
    <property name="maven.home" value="C:\utils\apache-maven-3.0.4"/>
    <property name="file.separator" value="\"/>
    <property name="java.vendor.url.bug" value="http://java.sun.com/cgi-bin/bugreport.cgi"/>
    <property name="sun.cpu.endian" value="little"/>
    <property name="sun.io.unicode.encoding" value="UnicodeLittle"/>
    <property name="sun.desktop" value="windows"/>
    <property name="sun.cpu.isalist" value="pentium_pro+mmx pentium_pro pentium+mmx pentium i486 i386 i86"/>
  </properties>
  <testcase time="0.004" classname="org.ib.commons.crypto.SymmetricUtilsTest" name="ioTest"/>
  <testcase time="0.003" classname="org.ib.commons.crypto.SymmetricUtilsTest" name="encryptNoPaddingTest"/>
  <testcase time="0" classname="org.ib.commons.crypto.SymmetricUtilsTest" name="encryptPaddingTest"/>
  <testcase time="0.002" classname="org.ib.commons.crypto.SymmetricUtilsTest" name="cbcTest"/>
  <testcase time="0" classname="org.ib.commons.crypto.SymmetricUtilsTest" name="ctrTest"/>
  <testcase time="0.002" classname="org.ib.commons.crypto.SymmetricUtilsTest" name="arc4Test"/>
  <testcase time="0" classname="org.ib.commons.crypto.SymmetricUtilsTest" name="randomKeyTest"/>
  <testcase time="0.014" classname="org.ib.commons.crypto.SymmetricUtilsTest" name="pbeTest"/>
</testsuite>